Arguments: 
  C:\Program Files\nodejs\node.exe C:\Users\Administrator\AppData\Roaming\npm\node_modules\yarn\bin\yarn.js add angular2-color-picker --save

PATH: 
  C:\Program Files\Git\mingw64\bin;C:\Program Files\Git\usr\bin;C:\Users\Administrator\bin;C:\Windows\system32;C:\Windows;C:\Windows\System32\Wbem;C:\Windows\System32\WindowsPowerShell\v1.0;C:\Program Files\nodejs;C:\Program Files\Git\cmd;C:\Program Files (x86)\Skype\Phone;C:\Python27;C:\Go\bin;C:\Program Files (x86)\OpenVPN\bin;C:\Program Files\MongoDB\Server\3.4\bin;C:\Users\Administrator\AppData\Roaming\npm;C:\Program Files (x86)\Microsoft VS Code\bin

Yarn version: 
  1.1.0

Node version: 
  6.10.2

Platform: 
  win32 x64

npm manifest: 
  {
      "name": "cem-web-app",
      "version": "1.0.0-beta.2",
      "license": "MIT",
      "scripts": {
          "ng": "ng",
          "i18n_xliff": "ng-xi18n -p src/tsconfig.app.json --locale=en --i18nFormat=xlf --outFile=locale/en/messages.en.xliff",
          "i18n": "ng-xi18n -p src/tsconfig.app.json --locale=en --i18nFormat=xmb --outFile=locale/en/messages.en.xmb",
          "start": "ng serve",
          "build": "ng build --prod --aot=false",
          "build:watch": "ng build --prod --aot=false --watch",
          "test": "ng test",
          "lint": "ng lint",
          "e2e": "ng e2e",
          "build:auto": "concurrently \"npm run build:watch\" \"node script/update.js \""
      },
      "private": true,
      "dependencies": {
          "@angular/animations": "^4.2.0-rc.1",
          "@angular/common": "^4.2.0-rc.1",
          "@angular/compiler": "^4.2.0-rc.1",
          "@angular/core": "^4.2.0-rc.1",
          "@angular/flex-layout": "^2.0.0-beta.8",
          "@angular/forms": "^4.2.0-rc.1",
          "@angular/http": "^4.2.0-rc.1",
          "@angular/material": "^2.0.0-beta.6",
          "@angular/platform-browser": "^4.2.0-rc.1",
          "@angular/platform-browser-dynamic": "^4.2.0-rc.1",
          "@angular/router": "^4.2.0-rc.1",
          "@swimlane/ngx-charts": "^5.3.1",
          "ag-grid": "^10.0.1",
          "ag-grid-angular": "^10.0.0",
          "core-js": "^2.4.1",
          "d3": "^4.9.1",
          "d3-array": "^1.2.0",
          "d3-axis": "^1.0.8",
          "d3-scale": "^1.0.6",
          "d3-selection": "^1.1.0",
          "d3-shape": "^1.2.0",
          "d3-time": "^1.0.7",
          "d3-time-format": "^2.0.5",
          "d3-transition": "^1.1.0",
          "file-saver": "^1.3.3",
          "lodash": "^4.17.4",
          "quill": "^1.2.5",
          "rxjs": "^5.4.0",
          "xlsx": "^0.10.3",
          "zone.js": "^0.8.11"
      },
      "devDependencies": {
          "@angular/cli": "^1.1.0-rc.2",
          "@angular/compiler-cli": "^4.2.0-rc.1",
          "@angular/platform-server": "^4.2.0-rc.1",
          "@types/d3": "^4.9.0",
          "@types/file-saver": "0.0.1",
          "@types/jasmine": "2.5.38",
          "@types/lodash": "^4.14.64",
          "@types/node": "~6.0.60",
          "@types/quill": "0.0.29",
          "babel-cli": "^6.23.0",
          "babel-preset-es2016": "^6.22.0",
          "codelyzer": "~2.0.0",
          "concurrently": "^3.4.0",
          "jasmine-core": "~2.5.2",
          "jasmine-spec-reporter": "~3.2.0",
          "karma": "~1.4.1",
          "karma-chrome-launcher": "~2.0.0",
          "karma-cli": "~1.0.1",
          "karma-coverage-istanbul-reporter": "^0.2.0",
          "karma-jasmine": "~1.1.0",
          "karma-jasmine-html-reporter": "^0.2.2",
          "node-sass": "^4.5.3",
          "protractor": "~5.1.0",
          "ts-node": "~3.0.4",
          "tslint": "~5.3.2",
          "typescript": "~2.3.3"
      }
  }

yarn manifest: 
  No manifest

Lockfile: 
  No lockfile

Trace: 
  Error: EPERM: operation not permitted, unlink 'D:\Projects\qapp\node_modules\@angular\material\@angular\material.es5.js'
      at Error (native)
